13/Mar/2021:07:38:41 152 [Calculator.java] [INFO] calculator.Calculator Power : -24^1/n Result : -24.0
13/Mar/2021:07:38:41 157 [Calculator.java] [INFO] calculator.Calculator Power : 36^2/n Result : 1296.0
13/Mar/2021:07:38:41 158 [Calculator.java] [INFO] calculator.Calculator Calculating Natural Logarithm of : 1
 Result : 0.0
13/Mar/2021:07:38:41 158 [Calculator.java] [INFO] calculator.Calculator Calculating Natural Logarithm of : -36
 Result : NaN
13/Mar/2021:07:38:41 159 [Calculator.java] [INFO] calculator.Calculator Factorial of the number : 5
 Result is : 120.0
13/Mar/2021:07:38:41 159 [Calculator.java] [INFO] calculator.Calculator Factorial of negative number is not possible!
13/Mar/2021:07:38:41 160 [Calculator.java] [INFO] calculator.Calculator Calculating Natural Logarithm of : 100
 Result : 4.605170185988092
13/Mar/2021:07:38:41 161 [Calculator.java] [INFO] calculator.Calculator Calculating Natural Logarithm of : 6
 Result : 1.791759469228055
13/Mar/2021:07:38:41 162 [Calculator.java] [INFO] calculator.Calculator Factorial of negative number is not possible!
13/Mar/2021:07:38:41 163 [Calculator.java] [INFO] calculator.Calculator Factorial of the number : 36
 Result is : 3.719933267899012E41
13/Mar/2021:07:38:41 164 [Calculator.java] [INFO] calculator.Calculator Calculating Square Root of : 81
 Result : 9.0
13/Mar/2021:07:38:41 165 [Calculator.java] [INFO] calculator.Calculator Calculating Square Root of : -36
 Result : NaN
13/Mar/2021:07:38:41 166 [Calculator.java] [INFO] calculator.Calculator Calculating Square Root of : -36
 Result : NaN
13/Mar/2021:07:38:41 167 [Calculator.java] [INFO] calculator.Calculator Calculating Square Root of : 100
 Result : 10.0
13/Mar/2021:07:38:41 168 [Calculator.java] [INFO] calculator.Calculator Power : 5^2/n Result : 25.0
13/Mar/2021:07:38:41 169 [Calculator.java] [INFO] calculator.Calculator Power : -25^1/n Result : -25.0
